I, [2017-04-06T13:38:09.550403 #15127]  INFO -- : [c8d55a6a-b72c-4879-962f-bf3d59989234] Started GET "/" for 85.233.216.37 at 2017-04-06 13:38:09 +0000
I, [2017-04-06T13:38:09.571502 #15127]  INFO -- : [c8d55a6a-b72c-4879-962f-bf3d59989234] Processing by Devise::SessionsController#new as HTML
I, [2017-04-06T13:38:09.577227 #15127]  INFO -- : [c8d55a6a-b72c-4879-962f-bf3d59989234] Completed 500 Internal Server Error in 5ms (ActiveRecord: 0.3ms)
F, [2017-04-06T13:38:09.578373 #15127] FATAL -- : [c8d55a6a-b72c-4879-962f-bf3d59989234]   
F, [2017-04-06T13:38:09.578424 #15127] FATAL -- : [c8d55a6a-b72c-4879-962f-bf3d59989234] ActiveRecord::StatementInvalid (Could not find table 'users'):
F, [2017-04-06T13:38:09.578459 #15127] FATAL -- : [c8d55a6a-b72c-4879-962f-bf3d59989234]   
F, [2017-04-06T13:38:09.578502 #15127] FATAL -- : [c8d55a6a-b72c-4879-962f-bf3d59989234] activerecord (5.0.1) lib/active_record/connection_adapters/sqlite3_adapter.rb:429:in `table_structure'
[c8d55a6a-b72c-4879-962f-bf3d59989234] activerecord (5.0.1) lib/active_record/connection_adapters/sqlite3_adapter.rb:304:in `columns'
[c8d55a6a-b72c-4879-962f-bf3d59989234] activerecord (5.0.1) lib/active_record/connection_adapters/schema_cache.rb:56:in `columns'
[c8d55a6a-b72c-4879-962f-bf3d59989234] activerecord (5.0.1) lib/active_record/connection_adapters/schema_cache.rb:62:in `columns_hash'
[c8d55a6a-b72c-4879-962f-bf3d59989234] activerecord (5.0.1) lib/active_record/model_schema.rb:441:in `load_schema!'
[c8d55a6a-b72c-4879-962f-bf3d59989234] activerecord (5.0.1) lib/active_record/attributes.rb:233:in `load_schema!'
[c8d55a6a-b72c-4879-962f-bf3d59989234] activerecord (5.0.1) lib/active_record/attribute_decorators.rb:28:in `load_schema!'
[c8d55a6a-b72c-4879-962f-bf3d59989234] activerecord (5.0.1) lib/active_record/model_schema.rb:436:in `load_schema'
[c8d55a6a-b72c-4879-962f-bf3d59989234] activerecord (5.0.1) lib/active_record/model_schema.rb:349:in `attribute_types'
[c8d55a6a-b72c-4879-962f-bf3d59989234] activerecord (5.0.1) lib/active_record/attribute_methods.rb:179:in `has_attribute?'
[c8d55a6a-b72c-4879-962f-bf3d59989234] activerecord (5.0.1) lib/active_record/inheritance.rb:54:in `new'
[c8d55a6a-b72c-4879-962f-bf3d59989234] devise (4.2.0) app/controllers/devise/sessions_controller.rb:9:in `new'
[c8d55a6a-b72c-4879-962f-bf3d59989234] actionpack (5.0.1) lib/action_controller/metal/basic_implicit_render.rb:4:in `send_action'
[c8d55a6a-b72c-4879-962f-bf3d59989234] actionpack (5.0.1) lib/abstract_controller/base.rb:188:in `process_action'
[c8d55a6a-b72c-4879-962f-bf3d59989234] actionpack (5.0.1) lib/action_controller/metal/rendering.rb:30:in `process_action'
[c8d55a6a-b72c-4879-962f-bf3d59989234] actionpack (5.0.1) lib/abstract_controller/callbacks.rb:20:in `block in process_action'
[c8d55a6a-b72c-4879-962f-bf3d59989234] activesupport (5.0.1) lib/active_support/callbacks.rb:126:in `call'
[c8d55a6a-b72c-4879-962f-bf3d59989234] activesupport (5.0.1) lib/active_support/callbacks.rb:506:in `block (2 levels) in compile'
[c8d55a6a-b72c-4879-962f-bf3d59989234] activesupport (5.0.1) lib/active_support/callbacks.rb:455:in `call'
[c8d55a6a-b72c-4879-962f-bf3d59989234] activesupport (5.0.1) lib/active_support/callbacks.rb:101:in `__run_callbacks__'
[c8d55a6a-b72c-4879-962f-bf3d59989234] activesupport (5.0.1) lib/active_support/callbacks.rb:750:in `_run_process_action_callbacks'
[c8d55a6a-b72c-4879-962f-bf3d59989234] activesupport (5.0.1) lib/active_support/callbacks.rb:90:in `run_callbacks'
[c8d55a6a-b72c-4879-962f-bf3d59989234] actionpack (5.0.1) lib/abstract_controller/callbacks.rb:19:in `process_action'
[c8d55a6a-b72c-4879-962f-bf3d59989234] actionpack (5.0.1) lib/action_controller/metal/rescue.rb:20:in `process_action'
[c8d55a6a-b72c-4879-962f-bf3d59989234] actionpack (5.0.1) lib/action_controller/metal/instrumentation.rb:32:in `block in process_action'
[c8d55a6a-b72c-4879-962f-bf3d59989234] activesupport (5.0.1) lib/active_support/notifications.rb:164:in `block in instrument'
[c8d55a6a-b72c-4879-962f-bf3d59989234] activesupport (5.0.1) lib/active_support/notifications/instrumenter.rb:21:in `instrument'
[c8d55a6a-b72c-4879-962f-bf3d59989234] activesupport (5.0.1) lib/active_support/notifications.rb:164:in `instrument'
[c8d55a6a-b72c-4879-962f-bf3d59989234] actionpack (5.0.1) lib/action_controller/metal/instrumentation.rb:30:in `process_action'
[c8d55a6a-b72c-4879-962f-bf3d59989234] actionpack (5.0.1) lib/action_controller/metal/params_wrapper.rb:248:in `process_action'
[c8d55a6a-b72c-4879-962f-bf3d59989234] activerecord (5.0.1) lib/active_record/railties/controller_runtime.rb:18:in `process_action'
[c8d55a6a-b72c-4879-962f-bf3d59989234] actionpack (5.0.1) lib/abstract_controller/base.rb:126:in `process'
[c8d55a6a-b72c-4879-962f-bf3d59989234] actionview (5.0.1) lib/action_view/rendering.rb:30:in `process'
[c8d55a6a-b72c-4879-962f-bf3d59989234] actionpack (5.0.1) lib/action_controller/metal.rb:190:in `dispatch'
[c8d55a6a-b72c-4879-962f-bf3d59989234] actionpack (5.0.1) lib/action_controller/metal.rb:262:in `dispatch'
[c8d55a6a-b72c-4879-962f-bf3d59989234] actionpack (5.0.1) lib/action_dispatch/routing/route_set.rb:50:in `dispatch'
[c8d55a6a-b72c-4879-962f-bf3d59989234] actionpack (5.0.1) lib/action_dispatch/routing/route_set.rb:32:in `serve'
[c8d55a6a-b72c-4879-962f-bf3d59989234] actionpack (5.0.1) lib/action_dispatch/routing/mapper.rb:16:in `block in <class:Constraints>'
[c8d55a6a-b72c-4879-962f-bf3d59989234] actionpack (5.0.1) lib/action_dispatch/routing/mapper.rb:46:in `serve'
[c8d55a6a-b72c-4879-962f-bf3d59989234] actionpack (5.0.1) lib/action_dispatch/journey/router.rb:39:in `block in serve'
[c8d55a6a-b72c-4879-962f-bf3d59989234] actionpack (5.0.1) lib/action_dispatch/journey/router.rb:26:in `each'
[c8d55a6a-b72c-4879-962f-bf3d59989234] actionpack (5.0.1) lib/action_dispatch/journey/router.rb:26:in `serve'
[c8d55a6a-b72c-4879-962f-bf3d59989234] actionpack (5.0.1) lib/action_dispatch/routing/route_set.rb:725:in `call'
[c8d55a6a-b72c-4879-962f-bf3d59989234] rack-pjax (1.0.0) lib/rack/pjax.rb:12:in `call'
[c8d55a6a-b72c-4879-962f-bf3d59989234] remotipart (1.3.1) lib/remotipart/middleware.rb:32:in `call'
[c8d55a6a-b72c-4879-962f-bf3d59989234] warden (1.2.6) lib/warden/manager.rb:35:in `block in call'
[c8d55a6a-b72c-4879-962f-bf3d59989234] warden (1.2.6) lib/warden/manager.rb:34:in `catch'
[c8d55a6a-b72c-4879-962f-bf3d59989234] warden (1.2.6) lib/warden/manager.rb:34:in `call'
[c8d55a6a-b72c-4879-962f-bf3d59989234] rack (2.0.1) lib/rack/etag.rb:25:in `call'
[c8d55a6a-b72c-4879-962f-bf3d59989234] rack (2.0.1) lib/rack/conditional_get.rb:25:in `call'
[c8d55a6a-b72c-4879-962f-bf3d59989234] rack (2.0.1) lib/rack/head.rb:12:in `call'
[c8d55a6a-b72c-4879-962f-bf3d59989234] rack (2.0.1) lib/rack/session/abstract/id.rb:222:in `context'
[c8d55a6a-b72c-4879-962f-bf3d59989234] rack (2.0.1) lib/rack/session/abstract/id.rb:216:in `call'
[c8d55a6a-b72c-4879-962f-bf3d59989234] actionpack (5.0.1) lib/action_dispatch/middleware/cookies.rb:613:in `call'
[c8d55a6a-b72c-4879-962f-bf3d59989234] actionpack (5.0.1) lib/action_dispatch/middleware/callbacks.rb:38:in `block in call'
[c8d55a6a-b72c-4879-962f-bf3d59989234] activesupport (5.0.1) lib/active_support/callbacks.rb:97:in `__run_callbacks__'
[c8d55a6a-b72c-4879-962f-bf3d59989234] activesupport (5.0.1) lib/active_support/callbacks.rb:750:in `_run_call_callbacks'
[c8d55a6a-b72c-4879-962f-bf3d59989234] activesupport (5.0.1) lib/active_support/callbacks.rb:90:in `run_callbacks'
[c8d55a6a-b72c-4879-962f-bf3d59989234] actionpack (5.0.1) lib/action_dispatch/middleware/callbacks.rb:36:in `call'
[c8d55a6a-b72c-4879-962f-bf3d59989234] actionpack (5.0.1) lib/action_dispatch/middleware/remote_ip.rb:79:in `call'
[c8d55a6a-b72c-4879-962f-bf3d59989234] actionpack (5.0.1) lib/action_dispatch/middleware/debug_exceptions.rb:49:in `call'
[c8d55a6a-b72c-4879-962f-bf3d59989234] actionpack (5.0.1) lib/action_dispatch/middleware/show_exceptions.rb:31:in `call'
[c8d55a6a-b72c-4879-962f-bf3d59989234] railties (5.0.1) lib/rails/rack/logger.rb:36:in `call_app'
[c8d55a6a-b72c-4879-962f-bf3d59989234] railties (5.0.1) lib/rails/rack/logger.rb:24:in `block in call'
[c8d55a6a-b72c-4879-962f-bf3d59989234] activesupport (5.0.1) lib/active_support/tagged_logging.rb:69:in `block in tagged'
[c8d55a6a-b72c-4879-962f-bf3d59989234] activesupport (5.0.1) lib/active_support/tagged_logging.rb:26:in `tagged'
[c8d55a6a-b72c-4879-962f-bf3d59989234] activesupport (5.0.1) lib/active_support/tagged_logging.rb:69:in `tagged'
[c8d55a6a-b72c-4879-962f-bf3d59989234] railties (5.0.1) lib/rails/rack/logger.rb:24:in `call'
[c8d55a6a-b72c-4879-962f-bf3d59989234] actionpack (5.0.1) lib/action_dispatch/middleware/request_id.rb:24:in `call'
[c8d55a6a-b72c-4879-962f-bf3d59989234] rack (2.0.1) lib/rack/method_override.rb:22:in `call'
[c8d55a6a-b72c-4879-962f-bf3d59989234] rack (2.0.1) lib/rack/runtime.rb:22:in `call'
[c8d55a6a-b72c-4879-962f-bf3d59989234] activesupport (5.0.1) lib/active_support/cache/strategy/local_cache_middleware.rb:28:in `call'
[c8d55a6a-b72c-4879-962f-bf3d59989234] actionpack (5.0.1) lib/action_dispatch/middleware/executor.rb:12:in `call'
[c8d55a6a-b72c-4879-962f-bf3d59989234] rack (2.0.1) lib/rack/sendfile.rb:111:in `call'
[c8d55a6a-b72c-4879-962f-bf3d59989234] railties (5.0.1) lib/rails/engine.rb:522:in `call'
[c8d55a6a-b72c-4879-962f-bf3d59989234] puma (3.6.2) lib/puma/configuration.rb:225:in `call'
[c8d55a6a-b72c-4879-962f-bf3d59989234] puma (3.6.2) lib/puma/server.rb:578:in `handle_request'
[c8d55a6a-b72c-4879-962f-bf3d59989234] puma (3.6.2) lib/puma/server.rb:415:in `process_client'
[c8d55a6a-b72c-4879-962f-bf3d59989234] puma (3.6.2) lib/puma/server.rb:275:in `block in run'
[c8d55a6a-b72c-4879-962f-bf3d59989234] puma (3.6.2) lib/puma/thread_pool.rb:116:in `block in spawn_thread'
I, [2017-04-06T13:38:10.308873 #15127]  INFO -- : [24b6f110-c274-43af-82f8-73386e460861] Started GET "/favicon.ico" for 85.233.216.37 at 2017-04-06 13:38:10 +0000
F, [2017-04-06T13:38:10.309637 #15127] FATAL -- : [24b6f110-c274-43af-82f8-73386e460861]   
F, [2017-04-06T13:38:10.309692 #15127] FATAL -- : [24b6f110-c274-43af-82f8-73386e460861] ActionController::RoutingError (No route matches [GET] "/favicon.ico"):
F, [2017-04-06T13:38:10.309725 #15127] FATAL -- : [24b6f110-c274-43af-82f8-73386e460861]   
F, [2017-04-06T13:38:10.309755 #15127] FATAL -- : [24b6f110-c274-43af-82f8-73386e460861] actionpack (5.0.1) lib/action_dispatch/middleware/debug_exceptions.rb:53:in `call'
[24b6f110-c274-43af-82f8-73386e460861] actionpack (5.0.1) lib/action_dispatch/middleware/show_exceptions.rb:31:in `call'
[24b6f110-c274-43af-82f8-73386e460861] railties (5.0.1) lib/rails/rack/logger.rb:36:in `call_app'
[24b6f110-c274-43af-82f8-73386e460861] railties (5.0.1) lib/rails/rack/logger.rb:24:in `block in call'
[24b6f110-c274-43af-82f8-73386e460861] activesupport (5.0.1) lib/active_support/tagged_logging.rb:69:in `block in tagged'
[24b6f110-c274-43af-82f8-73386e460861] activesupport (5.0.1) lib/active_support/tagged_logging.rb:26:in `tagged'
[24b6f110-c274-43af-82f8-73386e460861] activesupport (5.0.1) lib/active_support/tagged_logging.rb:69:in `tagged'
[24b6f110-c274-43af-82f8-73386e460861] railties (5.0.1) lib/rails/rack/logger.rb:24:in `call'
[24b6f110-c274-43af-82f8-73386e460861] actionpack (5.0.1) lib/action_dispatch/middleware/request_id.rb:24:in `call'
[24b6f110-c274-43af-82f8-73386e460861] rack (2.0.1) lib/rack/method_override.rb:22:in `call'
[24b6f110-c274-43af-82f8-73386e460861] rack (2.0.1) lib/rack/runtime.rb:22:in `call'
[24b6f110-c274-43af-82f8-73386e460861] activesupport (5.0.1) lib/active_support/cache/strategy/local_cache_middleware.rb:28:in `call'
[24b6f110-c274-43af-82f8-73386e460861] actionpack (5.0.1) lib/action_dispatch/middleware/executor.rb:12:in `call'
[24b6f110-c274-43af-82f8-73386e460861] rack (2.0.1) lib/rack/sendfile.rb:111:in `call'
[24b6f110-c274-43af-82f8-73386e460861] railties (5.0.1) lib/rails/engine.rb:522:in `call'
[24b6f110-c274-43af-82f8-73386e460861] puma (3.6.2) lib/puma/configuration.rb:225:in `call'
[24b6f110-c274-43af-82f8-73386e460861] puma (3.6.2) lib/puma/server.rb:578:in `handle_request'
[24b6f110-c274-43af-82f8-73386e460861] puma (3.6.2) lib/puma/server.rb:415:in `process_client'
[24b6f110-c274-43af-82f8-73386e460861] puma (3.6.2) lib/puma/server.rb:275:in `block in run'
[24b6f110-c274-43af-82f8-73386e460861] puma (3.6.2) lib/puma/thread_pool.rb:116:in `block in spawn_thread'
I, [2017-04-06T13:38:33.036964 #15127]  INFO -- : [1a60a919-51cc-463c-b0c0-0ce12728012b] Started GET "/" for 85.233.216.37 at 2017-04-06 13:38:33 +0000
I, [2017-04-06T13:38:33.038597 #15127]  INFO -- : [1a60a919-51cc-463c-b0c0-0ce12728012b] Processing by Devise::SessionsController#new as HTML
I, [2017-04-06T13:38:33.039557 #15127]  INFO -- : [1a60a919-51cc-463c-b0c0-0ce12728012b] Completed 500 Internal Server Error in 1ms (ActiveRecord: 0.1ms)
F, [2017-04-06T13:38:33.040555 #15127] FATAL -- : [1a60a919-51cc-463c-b0c0-0ce12728012b]   
F, [2017-04-06T13:38:33.040611 #15127] FATAL -- : [1a60a919-51cc-463c-b0c0-0ce12728012b] ActiveRecord::StatementInvalid (Could not find table 'users'):
F, [2017-04-06T13:38:33.040641 #15127] FATAL -- : [1a60a919-51cc-463c-b0c0-0ce12728012b]   
F, [2017-04-06T13:38:33.040684 #15127] FATAL -- : [1a60a919-51cc-463c-b0c0-0ce12728012b] activerecord (5.0.1) lib/active_record/connection_adapters/sqlite3_adapter.rb:429:in `table_structure'
[1a60a919-51cc-463c-b0c0-0ce12728012b] activerecord (5.0.1) lib/active_record/connection_adapters/sqlite3_adapter.rb:304:in `columns'
[1a60a919-51cc-463c-b0c0-0ce12728012b] activerecord (5.0.1) lib/active_record/connection_adapters/schema_cache.rb:56:in `columns'
[1a60a919-51cc-463c-b0c0-0ce12728012b] activerecord (5.0.1) lib/active_record/connection_adapters/schema_cache.rb:62:in `columns_hash'
[1a60a919-51cc-463c-b0c0-0ce12728012b] activerecord (5.0.1) lib/active_record/model_schema.rb:441:in `load_schema!'
[1a60a919-51cc-463c-b0c0-0ce12728012b] activerecord (5.0.1) lib/active_record/attributes.rb:233:in `load_schema!'
[1a60a919-51cc-463c-b0c0-0ce12728012b] activerecord (5.0.1) lib/active_record/attribute_decorators.rb:28:in `load_schema!'
[1a60a919-51cc-463c-b0c0-0ce12728012b] activerecord (5.0.1) lib/active_record/model_schema.rb:436:in `load_schema'
[1a60a919-51cc-463c-b0c0-0ce12728012b] activerecord (5.0.1) lib/active_record/model_schema.rb:349:in `attribute_types'
[1a60a919-51cc-463c-b0c0-0ce12728012b] activerecord (5.0.1) lib/active_record/attribute_methods.rb:179:in `has_attribute?'
[1a60a919-51cc-463c-b0c0-0ce12728012b] activerecord (5.0.1) lib/active_record/inheritance.rb:54:in `new'
[1a60a919-51cc-463c-b0c0-0ce12728012b] devise (4.2.0) app/controllers/devise/sessions_controller.rb:9:in `new'
[1a60a919-51cc-463c-b0c0-0ce12728012b] actionpack (5.0.1) lib/action_controller/metal/basic_implicit_render.rb:4:in `send_action'
[1a60a919-51cc-463c-b0c0-0ce12728012b] actionpack (5.0.1) lib/abstract_controller/base.rb:188:in `process_action'
[1a60a919-51cc-463c-b0c0-0ce12728012b] actionpack (5.0.1) lib/action_controller/metal/rendering.rb:30:in `process_action'
[1a60a919-51cc-463c-b0c0-0ce12728012b] actionpack (5.0.1) lib/abstract_controller/callbacks.rb:20:in `block in process_action'
[1a60a919-51cc-463c-b0c0-0ce12728012b] activesupport (5.0.1) lib/active_support/callbacks.rb:126:in `call'
[1a60a919-51cc-463c-b0c0-0ce12728012b] activesupport (5.0.1) lib/active_support/callbacks.rb:506:in `block (2 levels) in compile'
[1a60a919-51cc-463c-b0c0-0ce12728012b] activesupport (5.0.1) lib/active_support/callbacks.rb:455:in `call'
[1a60a919-51cc-463c-b0c0-0ce12728012b] activesupport (5.0.1) lib/active_support/callbacks.rb:101:in `__run_callbacks__'
[1a60a919-51cc-463c-b0c0-0ce12728012b] activesupport (5.0.1) lib/active_support/callbacks.rb:750:in `_run_process_action_callbacks'
[1a60a919-51cc-463c-b0c0-0ce12728012b] activesupport (5.0.1) lib/active_support/callbacks.rb:90:in `run_callbacks'
[1a60a919-51cc-463c-b0c0-0ce12728012b] actionpack (5.0.1) lib/abstract_controller/callbacks.rb:19:in `process_action'
[1a60a919-51cc-463c-b0c0-0ce12728012b] actionpack (5.0.1) lib/action_controller/metal/rescue.rb:20:in `process_action'
[1a60a919-51cc-463c-b0c0-0ce12728012b] actionpack (5.0.1) lib/action_controller/metal/instrumentation.rb:32:in `block in process_action'
[1a60a919-51cc-463c-b0c0-0ce12728012b] activesupport (5.0.1) lib/active_support/notifications.rb:164:in `block in instrument'
[1a60a919-51cc-463c-b0c0-0ce12728012b] activesupport (5.0.1) lib/active_support/notifications/instrumenter.rb:21:in `instrument'
[1a60a919-51cc-463c-b0c0-0ce12728012b] activesupport (5.0.1) lib/active_support/notifications.rb:164:in `instrument'
[1a60a919-51cc-463c-b0c0-0ce12728012b] actionpack (5.0.1) lib/action_controller/metal/instrumentation.rb:30:in `process_action'
[1a60a919-51cc-463c-b0c0-0ce12728012b] actionpack (5.0.1) lib/action_controller/metal/params_wrapper.rb:248:in `process_action'
[1a60a919-51cc-463c-b0c0-0ce12728012b] activerecord (5.0.1) lib/active_record/railties/controller_runtime.rb:18:in `process_action'
[1a60a919-51cc-463c-b0c0-0ce12728012b] actionpack (5.0.1) lib/abstract_controller/base.rb:126:in `process'
[1a60a919-51cc-463c-b0c0-0ce12728012b] actionview (5.0.1) lib/action_view/rendering.rb:30:in `process'
[1a60a919-51cc-463c-b0c0-0ce12728012b] actionpack (5.0.1) lib/action_controller/metal.rb:190:in `dispatch'
[1a60a919-51cc-463c-b0c0-0ce12728012b] actionpack (5.0.1) lib/action_controller/metal.rb:262:in `dispatch'
[1a60a919-51cc-463c-b0c0-0ce12728012b] actionpack (5.0.1) lib/action_dispatch/routing/route_set.rb:50:in `dispatch'
[1a60a919-51cc-463c-b0c0-0ce12728012b] actionpack (5.0.1) lib/action_dispatch/routing/route_set.rb:32:in `serve'
[1a60a919-51cc-463c-b0c0-0ce12728012b] actionpack (5.0.1) lib/action_dispatch/routing/mapper.rb:16:in `block in <class:Constraints>'
[1a60a919-51cc-463c-b0c0-0ce12728012b] actionpack (5.0.1) lib/action_dispatch/routing/mapper.rb:46:in `serve'
[1a60a919-51cc-463c-b0c0-0ce12728012b] actionpack (5.0.1) lib/action_dispatch/journey/router.rb:39:in `block in serve'
[1a60a919-51cc-463c-b0c0-0ce12728012b] actionpack (5.0.1) lib/action_dispatch/journey/router.rb:26:in `each'
[1a60a919-51cc-463c-b0c0-0ce12728012b] actionpack (5.0.1) lib/action_dispatch/journey/router.rb:26:in `serve'
[1a60a919-51cc-463c-b0c0-0ce12728012b] actionpack (5.0.1) lib/action_dispatch/routing/route_set.rb:725:in `call'
[1a60a919-51cc-463c-b0c0-0ce12728012b] rack-pjax (1.0.0) lib/rack/pjax.rb:12:in `call'
[1a60a919-51cc-463c-b0c0-0ce12728012b] remotipart (1.3.1) lib/remotipart/middleware.rb:32:in `call'
[1a60a919-51cc-463c-b0c0-0ce12728012b] warden (1.2.6) lib/warden/manager.rb:35:in `block in call'
[1a60a919-51cc-463c-b0c0-0ce12728012b] warden (1.2.6) lib/warden/manager.rb:34:in `catch'
[1a60a919-51cc-463c-b0c0-0ce12728012b] warden (1.2.6) lib/warden/manager.rb:34:in `call'
[1a60a919-51cc-463c-b0c0-0ce12728012b] rack (2.0.1) lib/rack/etag.rb:25:in `call'
[1a60a919-51cc-463c-b0c0-0ce12728012b] rack (2.0.1) lib/rack/conditional_get.rb:25:in `call'
[1a60a919-51cc-463c-b0c0-0ce12728012b] rack (2.0.1) lib/rack/head.rb:12:in `call'
[1a60a919-51cc-463c-b0c0-0ce12728012b] rack (2.0.1) lib/rack/session/abstract/id.rb:222:in `context'
[1a60a919-51cc-463c-b0c0-0ce12728012b] rack (2.0.1) lib/rack/session/abstract/id.rb:216:in `call'
[1a60a919-51cc-463c-b0c0-0ce12728012b] actionpack (5.0.1) lib/action_dispatch/middleware/cookies.rb:613:in `call'
[1a60a919-51cc-463c-b0c0-0ce12728012b] actionpack (5.0.1) lib/action_dispatch/middleware/callbacks.rb:38:in `block in call'
[1a60a919-51cc-463c-b0c0-0ce12728012b] activesupport (5.0.1) lib/active_support/callbacks.rb:97:in `__run_callbacks__'
[1a60a919-51cc-463c-b0c0-0ce12728012b] activesupport (5.0.1) lib/active_support/callbacks.rb:750:in `_run_call_callbacks'
[1a60a919-51cc-463c-b0c0-0ce12728012b] activesupport (5.0.1) lib/active_support/callbacks.rb:90:in `run_callbacks'
[1a60a919-51cc-463c-b0c0-0ce12728012b] actionpack (5.0.1) lib/action_dispatch/middleware/callbacks.rb:36:in `call'
[1a60a919-51cc-463c-b0c0-0ce12728012b] actionpack (5.0.1) lib/action_dispatch/middleware/remote_ip.rb:79:in `call'
[1a60a919-51cc-463c-b0c0-0ce12728012b] actionpack (5.0.1) lib/action_dispatch/middleware/debug_exceptions.rb:49:in `call'
[1a60a919-51cc-463c-b0c0-0ce12728012b] actionpack (5.0.1) lib/action_dispatch/middleware/show_exceptions.rb:31:in `call'
[1a60a919-51cc-463c-b0c0-0ce12728012b] railties (5.0.1) lib/rails/rack/logger.rb:36:in `call_app'
[1a60a919-51cc-463c-b0c0-0ce12728012b] railties (5.0.1) lib/rails/rack/logger.rb:24:in `block in call'
[1a60a919-51cc-463c-b0c0-0ce12728012b] activesupport (5.0.1) lib/active_support/tagged_logging.rb:69:in `block in tagged'
[1a60a919-51cc-463c-b0c0-0ce12728012b] activesupport (5.0.1) lib/active_support/tagged_logging.rb:26:in `tagged'
[1a60a919-51cc-463c-b0c0-0ce12728012b] activesupport (5.0.1) lib/active_support/tagged_logging.rb:69:in `tagged'
[1a60a919-51cc-463c-b0c0-0ce12728012b] railties (5.0.1) lib/rails/rack/logger.rb:24:in `call'
[1a60a919-51cc-463c-b0c0-0ce12728012b] actionpack (5.0.1) lib/action_dispatch/middleware/request_id.rb:24:in `call'
[1a60a919-51cc-463c-b0c0-0ce12728012b] rack (2.0.1) lib/rack/method_override.rb:22:in `call'
[1a60a919-51cc-463c-b0c0-0ce12728012b] rack (2.0.1) lib/rack/runtime.rb:22:in `call'
[1a60a919-51cc-463c-b0c0-0ce12728012b] activesupport (5.0.1) lib/active_support/cache/strategy/local_cache_middleware.rb:28:in `call'
[1a60a919-51cc-463c-b0c0-0ce12728012b] actionpack (5.0.1) lib/action_dispatch/middleware/executor.rb:12:in `call'
[1a60a919-51cc-463c-b0c0-0ce12728012b] rack (2.0.1) lib/rack/sendfile.rb:111:in `call'
[1a60a919-51cc-463c-b0c0-0ce12728012b] railties (5.0.1) lib/rails/engine.rb:522:in `call'
[1a60a919-51cc-463c-b0c0-0ce12728012b] puma (3.6.2) lib/puma/configuration.rb:225:in `call'
[1a60a919-51cc-463c-b0c0-0ce12728012b] puma (3.6.2) lib/puma/server.rb:578:in `handle_request'
[1a60a919-51cc-463c-b0c0-0ce12728012b] puma (3.6.2) lib/puma/server.rb:415:in `process_client'
[1a60a919-51cc-463c-b0c0-0ce12728012b] puma (3.6.2) lib/puma/server.rb:275:in `block in run'
[1a60a919-51cc-463c-b0c0-0ce12728012b] puma (3.6.2) lib/puma/thread_pool.rb:116:in `block in spawn_thread'
I, [2017-04-06T13:39:31.942810 #15165]  INFO -- : [7bf1a6de-1b69-409a-bdc1-616017e2037e] Started GET "/" for 85.233.216.37 at 2017-04-06 13:39:31 +0000
I, [2017-04-06T13:39:31.964433 #15165]  INFO -- : [7bf1a6de-1b69-409a-bdc1-616017e2037e] Processing by Devise::SessionsController#new as HTML
I, [2017-04-06T13:39:31.970007 #15165]  INFO -- : [7bf1a6de-1b69-409a-bdc1-616017e2037e] Completed 500 Internal Server Error in 5ms (ActiveRecord: 0.3ms)
F, [2017-04-06T13:39:31.971086 #15165] FATAL -- : [7bf1a6de-1b69-409a-bdc1-616017e2037e]   
F, [2017-04-06T13:39:31.971144 #15165] FATAL -- : [7bf1a6de-1b69-409a-bdc1-616017e2037e] ActiveRecord::StatementInvalid (Could not find table 'users'):
F, [2017-04-06T13:39:31.971174 #15165] FATAL -- : [7bf1a6de-1b69-409a-bdc1-616017e2037e]   
F, [2017-04-06T13:39:31.971225 #15165] FATAL -- : [7bf1a6de-1b69-409a-bdc1-616017e2037e] activerecord (5.0.1) lib/active_record/connection_adapters/sqlite3_adapter.rb:429:in `table_structure'
[7bf1a6de-1b69-409a-bdc1-616017e2037e] activerecord (5.0.1) lib/active_record/connection_adapters/sqlite3_adapter.rb:304:in `columns'
[7bf1a6de-1b69-409a-bdc1-616017e2037e] activerecord (5.0.1) lib/active_record/connection_adapters/schema_cache.rb:56:in `columns'
[7bf1a6de-1b69-409a-bdc1-616017e2037e] activerecord (5.0.1) lib/active_record/connection_adapters/schema_cache.rb:62:in `columns_hash'
[7bf1a6de-1b69-409a-bdc1-616017e2037e] activerecord (5.0.1) lib/active_record/model_schema.rb:441:in `load_schema!'
[7bf1a6de-1b69-409a-bdc1-616017e2037e] activerecord (5.0.1) lib/active_record/attributes.rb:233:in `load_schema!'
[7bf1a6de-1b69-409a-bdc1-616017e2037e] activerecord (5.0.1) lib/active_record/attribute_decorators.rb:28:in `load_schema!'
[7bf1a6de-1b69-409a-bdc1-616017e2037e] activerecord (5.0.1) lib/active_record/model_schema.rb:436:in `load_schema'
[7bf1a6de-1b69-409a-bdc1-616017e2037e] activerecord (5.0.1) lib/active_record/model_schema.rb:349:in `attribute_types'
[7bf1a6de-1b69-409a-bdc1-616017e2037e] activerecord (5.0.1) lib/active_record/attribute_methods.rb:179:in `has_attribute?'
[7bf1a6de-1b69-409a-bdc1-616017e2037e] activerecord (5.0.1) lib/active_record/inheritance.rb:54:in `new'
[7bf1a6de-1b69-409a-bdc1-616017e2037e] devise (4.2.0) app/controllers/devise/sessions_controller.rb:9:in `new'
[7bf1a6de-1b69-409a-bdc1-616017e2037e] actionpack (5.0.1) lib/action_controller/metal/basic_implicit_render.rb:4:in `send_action'
[7bf1a6de-1b69-409a-bdc1-616017e2037e] actionpack (5.0.1) lib/abstract_controller/base.rb:188:in `process_action'
[7bf1a6de-1b69-409a-bdc1-616017e2037e] actionpack (5.0.1) lib/action_controller/metal/rendering.rb:30:in `process_action'
[7bf1a6de-1b69-409a-bdc1-616017e2037e] actionpack (5.0.1) lib/abstract_controller/callbacks.rb:20:in `block in process_action'
[7bf1a6de-1b69-409a-bdc1-616017e2037e] activesupport (5.0.1) lib/active_support/callbacks.rb:126:in `call'
[7bf1a6de-1b69-409a-bdc1-616017e2037e] activesupport (5.0.1) lib/active_support/callbacks.rb:506:in `block (2 levels) in compile'
[7bf1a6de-1b69-409a-bdc1-616017e2037e] activesupport (5.0.1) lib/active_support/callbacks.rb:455:in `call'
[7bf1a6de-1b69-409a-bdc1-616017e2037e] activesupport (5.0.1) lib/active_support/callbacks.rb:101:in `__run_callbacks__'
[7bf1a6de-1b69-409a-bdc1-616017e2037e] activesupport (5.0.1) lib/active_support/callbacks.rb:750:in `_run_process_action_callbacks'
[7bf1a6de-1b69-409a-bdc1-616017e2037e] activesupport (5.0.1) lib/active_support/callbacks.rb:90:in `run_callbacks'
[7bf1a6de-1b69-409a-bdc1-616017e2037e] actionpack (5.0.1) lib/abstract_controller/callbacks.rb:19:in `process_action'
[7bf1a6de-1b69-409a-bdc1-616017e2037e] actionpack (5.0.1) lib/action_controller/metal/rescue.rb:20:in `process_action'
[7bf1a6de-1b69-409a-bdc1-616017e2037e] actionpack (5.0.1) lib/action_controller/metal/instrumentation.rb:32:in `block in process_action'
[7bf1a6de-1b69-409a-bdc1-616017e2037e] activesupport (5.0.1) lib/active_support/notifications.rb:164:in `block in instrument'
[7bf1a6de-1b69-409a-bdc1-616017e2037e] activesupport (5.0.1) lib/active_support/notifications/instrumenter.rb:21:in `instrument'
[7bf1a6de-1b69-409a-bdc1-616017e2037e] activesupport (5.0.1) lib/active_support/notifications.rb:164:in `instrument'
[7bf1a6de-1b69-409a-bdc1-616017e2037e] actionpack (5.0.1) lib/action_controller/metal/instrumentation.rb:30:in `process_action'
[7bf1a6de-1b69-409a-bdc1-616017e2037e] actionpack (5.0.1) lib/action_controller/metal/params_wrapper.rb:248:in `process_action'
[7bf1a6de-1b69-409a-bdc1-616017e2037e] activerecord (5.0.1) lib/active_record/railties/controller_runtime.rb:18:in `process_action'
[7bf1a6de-1b69-409a-bdc1-616017e2037e] actionpack (5.0.1) lib/abstract_controller/base.rb:126:in `process'
[7bf1a6de-1b69-409a-bdc1-616017e2037e] actionview (5.0.1) lib/action_view/rendering.rb:30:in `process'
[7bf1a6de-1b69-409a-bdc1-616017e2037e] actionpack (5.0.1) lib/action_controller/metal.rb:190:in `dispatch'
[7bf1a6de-1b69-409a-bdc1-616017e2037e] actionpack (5.0.1) lib/action_controller/metal.rb:262:in `dispatch'
[7bf1a6de-1b69-409a-bdc1-616017e2037e] actionpack (5.0.1) lib/action_dispatch/routing/route_set.rb:50:in `dispatch'
[7bf1a6de-1b69-409a-bdc1-616017e2037e] actionpack (5.0.1) lib/action_dispatch/routing/route_set.rb:32:in `serve'
[7bf1a6de-1b69-409a-bdc1-616017e2037e] actionpack (5.0.1) lib/action_dispatch/routing/mapper.rb:16:in `block in <class:Constraints>'
[7bf1a6de-1b69-409a-bdc1-616017e2037e] actionpack (5.0.1) lib/action_dispatch/routing/mapper.rb:46:in `serve'
[7bf1a6de-1b69-409a-bdc1-616017e2037e] actionpack (5.0.1) lib/action_dispatch/journey/router.rb:39:in `block in serve'
[7bf1a6de-1b69-409a-bdc1-616017e2037e] actionpack (5.0.1) lib/action_dispatch/journey/router.rb:26:in `each'
[7bf1a6de-1b69-409a-bdc1-616017e2037e] actionpack (5.0.1) lib/action_dispatch/journey/router.rb:26:in `serve'
[7bf1a6de-1b69-409a-bdc1-616017e2037e] actionpack (5.0.1) lib/action_dispatch/routing/route_set.rb:725:in `call'
[7bf1a6de-1b69-409a-bdc1-616017e2037e] rack-pjax (1.0.0) lib/rack/pjax.rb:12:in `call'
[7bf1a6de-1b69-409a-bdc1-616017e2037e] remotipart (1.3.1) lib/remotipart/middleware.rb:32:in `call'
[7bf1a6de-1b69-409a-bdc1-616017e2037e] warden (1.2.6) lib/warden/manager.rb:35:in `block in call'
[7bf1a6de-1b69-409a-bdc1-616017e2037e] warden (1.2.6) lib/warden/manager.rb:34:in `catch'
[7bf1a6de-1b69-409a-bdc1-616017e2037e] warden (1.2.6) lib/warden/manager.rb:34:in `call'
[7bf1a6de-1b69-409a-bdc1-616017e2037e] rack (2.0.1) lib/rack/etag.rb:25:in `call'
[7bf1a6de-1b69-409a-bdc1-616017e2037e] rack (2.0.1) lib/rack/conditional_get.rb:25:in `call'
[7bf1a6de-1b69-409a-bdc1-616017e2037e] rack (2.0.1) lib/rack/head.rb:12:in `call'
[7bf1a6de-1b69-409a-bdc1-616017e2037e] rack (2.0.1) lib/rack/session/abstract/id.rb:222:in `context'
[7bf1a6de-1b69-409a-bdc1-616017e2037e] rack (2.0.1) lib/rack/session/abstract/id.rb:216:in `call'
[7bf1a6de-1b69-409a-bdc1-616017e2037e] actionpack (5.0.1) lib/action_dispatch/middleware/cookies.rb:613:in `call'
[7bf1a6de-1b69-409a-bdc1-616017e2037e] actionpack (5.0.1) lib/action_dispatch/middleware/callbacks.rb:38:in `block in call'
[7bf1a6de-1b69-409a-bdc1-616017e2037e] activesupport (5.0.1) lib/active_support/callbacks.rb:97:in `__run_callbacks__'
[7bf1a6de-1b69-409a-bdc1-616017e2037e] activesupport (5.0.1) lib/active_support/callbacks.rb:750:in `_run_call_callbacks'
[7bf1a6de-1b69-409a-bdc1-616017e2037e] activesupport (5.0.1) lib/active_support/callbacks.rb:90:in `run_callbacks'
[7bf1a6de-1b69-409a-bdc1-616017e2037e] actionpack (5.0.1) lib/action_dispatch/middleware/callbacks.rb:36:in `call'
[7bf1a6de-1b69-409a-bdc1-616017e2037e] actionpack (5.0.1) lib/action_dispatch/middleware/remote_ip.rb:79:in `call'
[7bf1a6de-1b69-409a-bdc1-616017e2037e] actionpack (5.0.1) lib/action_dispatch/middleware/debug_exceptions.rb:49:in `call'
[7bf1a6de-1b69-409a-bdc1-616017e2037e] actionpack (5.0.1) lib/action_dispatch/middleware/show_exceptions.rb:31:in `call'
[7bf1a6de-1b69-409a-bdc1-616017e2037e] railties (5.0.1) lib/rails/rack/logger.rb:36:in `call_app'
[7bf1a6de-1b69-409a-bdc1-616017e2037e] railties (5.0.1) lib/rails/rack/logger.rb:24:in `block in call'
[7bf1a6de-1b69-409a-bdc1-616017e2037e] activesupport (5.0.1) lib/active_support/tagged_logging.rb:69:in `block in tagged'
[7bf1a6de-1b69-409a-bdc1-616017e2037e] activesupport (5.0.1) lib/active_support/tagged_logging.rb:26:in `tagged'
[7bf1a6de-1b69-409a-bdc1-616017e2037e] activesupport (5.0.1) lib/active_support/tagged_logging.rb:69:in `tagged'
[7bf1a6de-1b69-409a-bdc1-616017e2037e] railties (5.0.1) lib/rails/rack/logger.rb:24:in `call'
[7bf1a6de-1b69-409a-bdc1-616017e2037e] actionpack (5.0.1) lib/action_dispatch/middleware/request_id.rb:24:in `call'
[7bf1a6de-1b69-409a-bdc1-616017e2037e] rack (2.0.1) lib/rack/method_override.rb:22:in `call'
[7bf1a6de-1b69-409a-bdc1-616017e2037e] rack (2.0.1) lib/rack/runtime.rb:22:in `call'
[7bf1a6de-1b69-409a-bdc1-616017e2037e] activesupport (5.0.1) lib/active_support/cache/strategy/local_cache_middleware.rb:28:in `call'
[7bf1a6de-1b69-409a-bdc1-616017e2037e] actionpack (5.0.1) lib/action_dispatch/middleware/executor.rb:12:in `call'
[7bf1a6de-1b69-409a-bdc1-616017e2037e] rack (2.0.1) lib/rack/sendfile.rb:111:in `call'
[7bf1a6de-1b69-409a-bdc1-616017e2037e] railties (5.0.1) lib/rails/engine.rb:522:in `call'
[7bf1a6de-1b69-409a-bdc1-616017e2037e] puma (3.6.2) lib/puma/configuration.rb:225:in `call'
[7bf1a6de-1b69-409a-bdc1-616017e2037e] puma (3.6.2) lib/puma/server.rb:578:in `handle_request'
[7bf1a6de-1b69-409a-bdc1-616017e2037e] puma (3.6.2) lib/puma/server.rb:415:in `process_client'
[7bf1a6de-1b69-409a-bdc1-616017e2037e] puma (3.6.2) lib/puma/server.rb:275:in `block in run'
[7bf1a6de-1b69-409a-bdc1-616017e2037e] puma (3.6.2) lib/puma/thread_pool.rb:116:in `block in spawn_thread'
